<?xml version="1.0" encoding="UTF-8"?>
<!-- Generated by org.testng.reporters.JUnitReportReporter -->
<testsuite hostname="userjudi-PC" name="Tests.AppTest" tests="5" failures="0" timestamp="3 Mar 2017 17:08:19 GMT" time="6.494" errors="0">
  <testcase name="buyProduct" time="2.628" classname="Tests.AppTest"/>
  <testcase name="goToLogin" time="0.080" classname="Tests.AppTest"/>
  <testcase name="selectProduct" time="1.559" classname="Tests.AppTest"/>
  <testcase name="initSession" time="2.092" classname="Tests.AppTest"/>
  <testcase name="searchProductInStore" time="0.135" classname="Tests.AppTest"/>
</testsuite> <!-- Tests.AppTest -->
